2022-09-18T11:22:39+00:00 CRITICAL Uncaught TypeError: call_user_func_array(): Argument #1 ($callback) must be a valid callback, function "dodaj_tekst" not found or invalid function name in /home/stimotijevic/public_html/projekat/wp-includes/class-wp-hook.php:307
Stack trace:
#0 /home/stimotijevic/public_html/projekat/wp-includes/class-wp-hook.php(331): WP_Hook->apply_filters('', Array)
#1 /home/stimotijevic/public_html/projekat/wp-includes/plugin.php(476): WP_Hook->do_action(Array)
#2 /home/stimotijevic/public_html/projekat/wp-content/plugins/woocommerce/templates/single-product/add-to-cart/variable.php(26): do_action('woocommerce_bef...')
#3 /home/stimotijevic/public_html/projekat/wp-content/plugins/woocommerce/includes/wc-core-functions.php(345): include('/home/stimotije...')
#4 /home/stimotijevic/public_html/projekat/wp-content/plugins/woocommerce/includes/wc-template-functions.php(1741): wc_get_template('single-product/...', Array)
#5 /home/stimotijevic/public_html/projekat/wp-includes/class-wp-hook.php(307): woocommerce_variable_add_to_cart('')
#6 /home/stimotijevic/public_html/projekat/wp-includes/class-wp-hook.php(331): WP_Hook->apply_filters('', Array)
#7 /home/stimotijevic/public_html/projekat/wp-includes/plugin.php(476): WP_Hook->do_action(Array)
#8 /home/stimotijevic/public_html/projekat/wp-content/plugins/woocommerce/includes/wc-template-functions.php(1687): do_action('woocommerce_var...')
#9 /home/stimotijevic/public_html/projekat/wp-content/plugins/woolentor-addons/includes/addons/wb_product_add_to_cart.php(1325): woocommerce_template_single_add_to_cart()
#10 /home/stimotijevic/public_html/projekat/wp-content/plugins/elementor/includes/base/controls-stack.php(2254): Elementor\Woolentor_Wb_Product_Add_To_Cart_Widget->render()
#11 /home/stimotijevic/public_html/projekat/wp-content/plugins/elementor/includes/base/widget-base.php(609): Elementor\Controls_Stack->render_by_mode()
#12 /home/stimotijevic/public_html/projekat/wp-content/plugins/elementor/includes/base/widget-base.php(750): Elementor\Widget_Base->render_content()
#13 /home/stimotijevic/public_html/projekat/wp-content/plugins/elementor/includes/base/element-base.php(447): Elementor\Widget_Base->print_content()
#14 /home/stimotijevic/public_html/projekat/wp-content/plugins/elementor/includes/base/element-base.php(787): Elementor\Element_Base->print_element()
#15 /home/stimotijevic/public_html/projekat/wp-content/plugins/elementor/includes/base/element-base.php(447): Elementor\Element_Base->print_content()
#16 /home/stimotijevic/public_html/projekat/wp-content/plugins/elementor/includes/base/element-base.php(787): Elementor\Element_Base->print_element()
#17 /home/stimotijevic/public_html/projekat/wp-content/plugins/elementor/includes/base/element-base.php(447): Elementor\Element_Base->print_content()
#18 /home/stimotijevic/public_html/projekat/wp-content/plugins/elementor/core/base/document.php(1635): Elementor\Element_Base->print_element()
#19 /home/stimotijevic/public_html/projekat/wp-content/plugins/elementor/core/base/document.php(1086): Elementor\Core\Base\Document->print_elements(Array)
#20 /home/stimotijevic/public_html/projekat/wp-content/plugins/elementor/includes/frontend.php(1092): Elementor\Core\Base\Document->print_elements_with_wrapper(Array)
#21 /home/stimotijevic/public_html/projekat/wp-content/plugins/elementor/includes/frontend.php(1160): Elementor\Frontend->get_builder_content(291, false)
#22 /home/stimotijevic/public_html/projekat/wp-content/plugins/woolentor-addons/includes/manage_wc_template.php(160): Elementor\Frontend->get_builder_content_for_display(291)
#23 /home/stimotijevic/public_html/projekat/wp-content/plugins/woolentor-addons/includes/manage_wc_template.php(221): Woolentor_Manage_WC_Template::render_build_content(291)
#24 /home/stimotijevic/public_html/projekat/wp-includes/class-wp-hook.php(307): Woolentor_Manage_WC_Template::set_product_builder_content(Object(WP_Post))
#25 /home/stimotijevic/public_html/projekat/wp-includes/class-wp-hook.php(331): WP_Hook->apply_filters('', Array)
#26 /home/stimotijevic/public_html/projekat/wp-includes/plugin.php(476): WP_Hook->do_action(Array)
#27 /home/stimotijevic/public_html/projekat/wp-content/plugins/woolentor-addons/wl-woo-templates/single-product.php(48): do_action('woolentor_wooco...', Object(WP_Post))
#28 /home/stimotijevic/public_html/projekat/wp-includes/template.php(772): require('/home/stimotije...')
#29 /home/stimotijevic/public_html/projekat/wp-content/plugins/woocommerce/includes/wc-core-functions.php(284): load_template('/home/stimotije...', false)
#30 /home/stimotijevic/public_html/projekat/wp-content/plugins/woolentor-addons/wl-woo-templates/single-product-fullwidth.php(45): wc_get_template_part('content', 'single-product')
#31 /home/stimotijevic/public_html/projekat/wp-includes/template-loader.php(106): include('/home/stimotije...')
#32 /home/stimotijevic/public_html/projekat/wp-blog-header.php(19): require_once('/home/stimotije...')
#33 /home/stimotijevic/public_html/projekat/index.php(17): require('/home/stimotije...')
#34 {main}
  thrown in /home/stimotijevic/public_html/projekat/wp-includes/class-wp-hook.php on line 307

2022-09-18T21:17:53+00:00 CRITICAL Uncaught TypeError: call_user_func_array(): Argument #1 ($callback) must be a valid callback, function "dodaj_tekst" not found or invalid function name in /home/stimotijevic/public_html/projekat/wp-includes/class-wp-hook.php:307
Stack trace:
#0 /home/stimotijevic/public_html/projekat/wp-includes/class-wp-hook.php(331): WP_Hook->apply_filters('', Array)
#1 /home/stimotijevic/public_html/projekat/wp-includes/plugin.php(476): WP_Hook->do_action(Array)
#2 /home/stimotijevic/public_html/projekat/wp-content/plugins/woocommerce/templates/single-product/add-to-cart/simple.php(30): do_action('woocommerce_bef...')
#3 /home/stimotijevic/public_html/projekat/wp-content/plugins/woocommerce/includes/wc-core-functions.php(345): include('/home/stimotije...')
#4 /home/stimotijevic/public_html/projekat/wp-content/plugins/woocommerce/includes/wc-template-functions.php(1696): wc_get_template('single-product/...')
#5 /home/stimotijevic/public_html/projekat/wp-includes/class-wp-hook.php(307): woocommerce_simple_add_to_cart('')
#6 /home/stimotijevic/public_html/projekat/wp-includes/class-wp-hook.php(331): WP_Hook->apply_filters('', Array)
#7 /home/stimotijevic/public_html/projekat/wp-includes/plugin.php(476): WP_Hook->do_action(Array)
#8 /home/stimotijevic/public_html/projekat/wp-content/plugins/woocommerce/includes/wc-template-functions.php(1687): do_action('woocommerce_sim...')
#9 /home/stimotijevic/public_html/projekat/wp-content/plugins/woolentor-addons/includes/addons/wb_product_add_to_cart.php(1325): woocommerce_template_single_add_to_cart()
#10 /home/stimotijevic/public_html/projekat/wp-content/plugins/elementor/includes/base/controls-stack.php(2254): Elementor\Woolentor_Wb_Product_Add_To_Cart_Widget->render()
#11 /home/stimotijevic/public_html/projekat/wp-content/plugins/elementor/includes/base/widget-base.php(609): Elementor\Controls_Stack->render_by_mode()
#12 /home/stimotijevic/public_html/projekat/wp-content/plugins/elementor/includes/base/widget-base.php(750): Elementor\Widget_Base->render_content()
#13 /home/stimotijevic/public_html/projekat/wp-content/plugins/elementor/includes/base/element-base.php(447): Elementor\Widget_Base->print_content()
#14 /home/stimotijevic/public_html/projekat/wp-content/plugins/elementor/includes/base/element-base.php(787): Elementor\Element_Base->print_element()
#15 /home/stimotijevic/public_html/projekat/wp-content/plugins/elementor/includes/base/element-base.php(447): Elementor\Element_Base->print_content()
#16 /home/stimotijevic/public_html/projekat/wp-content/plugins/elementor/includes/base/element-base.php(787): Elementor\Element_Base->print_element()
#17 /home/stimotijevic/public_html/projekat/wp-content/plugins/elementor/includes/base/element-base.php(447): Elementor\Element_Base->print_content()
#18 /home/stimotijevic/public_html/projekat/wp-content/plugins/elementor/core/base/document.php(1635): Elementor\Element_Base->print_element()
#19 /home/stimotijevic/public_html/projekat/wp-content/plugins/elementor/core/base/document.php(1086): Elementor\Core\Base\Document->print_elements(Array)
#20 /home/stimotijevic/public_html/projekat/wp-content/plugins/elementor/includes/frontend.php(1092): Elementor\Core\Base\Document->print_elements_with_wrapper(Array)
#21 /home/stimotijevic/public_html/projekat/wp-content/plugins/elementor/includes/frontend.php(1160): Elementor\Frontend->get_builder_content(291, false)
#22 /home/stimotijevic/public_html/projekat/wp-content/plugins/woolentor-addons/includes/manage_wc_template.php(160): Elementor\Frontend->get_builder_content_for_display(291)
#23 /home/stimotijevic/public_html/projekat/wp-content/plugins/woolentor-addons/includes/manage_wc_template.php(221): Woolentor_Manage_WC_Template::render_build_content(291)
#24 /home/stimotijevic/public_html/projekat/wp-includes/class-wp-hook.php(307): Woolentor_Manage_WC_Template::set_product_builder_content(Object(WP_Post))
#25 /home/stimotijevic/public_html/projekat/wp-includes/class-wp-hook.php(331): WP_Hook->apply_filters('', Array)
#26 /home/stimotijevic/public_html/projekat/wp-includes/plugin.php(476): WP_Hook->do_action(Array)
#27 /home/stimotijevic/public_html/projekat/wp-content/plugins/woolentor-addons/wl-woo-templates/single-product.php(48): do_action('woolentor_wooco...', Object(WP_Post))
#28 /home/stimotijevic/public_html/projekat/wp-includes/template.php(772): require('/home/stimotije...')
#29 /home/stimotijevic/public_html/projekat/wp-content/plugins/woocommerce/includes/wc-core-functions.php(284): load_template('/home/stimotije...', false)
#30 /home/stimotijevic/public_html/projekat/wp-content/plugins/woolentor-addons/wl-woo-templates/single-product-fullwidth.php(45): wc_get_template_part('content', 'single-product')
#31 /home/stimotijevic/public_html/projekat/wp-includes/template-loader.php(106): include('/home/stimotije...')
#32 /home/stimotijevic/public_html/projekat/wp-blog-header.php(19): require_once('/home/stimotije...')
#33 /home/stimotijevic/public_html/projekat/index.php(17): require('/home/stimotije...')
#34 {main}
  thrown in /home/stimotijevic/public_html/projekat/wp-includes/class-wp-hook.php on line 307

